<?xml version="1.0" encoding="UTF-8"?>
<testsuite xmlns:xsi="http://www.w3.org/2001/XMLSchema-instance" xsi:noNamespaceSchemaLocation="https://maven.apache.org/surefire/maven-surefire-plugin/xsd/surefire-test-report-3.0.xsd" version="3.0" name="com.example.clients_management.ClientsManagementApplicationTests" time="14.889" tests="1" errors="0" skipped="0" failures="0">
  <properties>
[...]
</properties>
  <testcase name="contextLoads" classname="com.example.clients_management.ClientsManagementApplicationTests" time="0.966">
    <system-out><![CDATA[15:48:49.173 [main] INFO org.springframework.test.context.support.AnnotationConfigContextLoaderUtils -- Could not detect default configuration classes for test class [com.example.clients_management.ClientsManagementApplicationTests]: ClientsManagementApplicationTests does not declare any static, non-private, non-final, nested classes annotated with @Configuration.
15:48:49.409 [main] INFO org.springframework.boot.test.context.SpringBootTestContextBootstrapper -- Found @SpringBootConfiguration com.example.clients_management.ClientsManagementApplication for test class com.example.clients_management.ClientsManagementApplicationTests
15:48:49.757 [main] INFO org.springframework.boot.devtools.restart.RestartApplicationListener -- Restart disabled due to context in which it is running

  .   ____          _            __ _ _
 /\\ / ___'_ __ _ _(_)_ __  __ _ \ \ \ \
( ( )\___ | '_ | '_| | '_ \/ _` | \ \ \ \
 \\/  ___)| |_)| | | | | || (_| |  ) ) ) )
  '  |____| .__|_| |_|_| |_\__, | / / / /
 =========|_|==============|___/=/_/_/_/

 :: Spring Boot ::                (v3.3.4)

2024-12-07T15:48:50.341+05:30  INFO 13996 --- [clients_management] [           main] c.e.c.ClientsManagementApplicationTests  : Starting ClientsManagementApplicationTests using Java 23.0.1 with PID 13996 (started by harsh in C:\Users\harsh\Downloads\clients_management)
2024-12-07T15:48:50.346+05:30  INFO 13996 --- [clients_management] [           main] c.e.c.ClientsManagementApplicationTests  : No active profile set, falling back to 1 default profile: "default"
2024-12-07T15:48:52.417+05:30  INFO 13996 --- [clients_management] [           main] .s.d.r.c.RepositoryConfigurationDelegate : Multiple Spring Data modules found, entering strict repository configuration mode
2024-12-07T15:48:52.420+05:30  INFO 13996 --- [clients_management] [           main] .s.d.r.c.RepositoryConfigurationDelegate : Bootstrapping Spring Data JDBC repositories in DEFAULT mode.
2024-12-07T15:48:52.479+05:30  INFO 13996 --- [clients_management] [           main] .RepositoryConfigurationExtensionSupport : Spring Data JDBC - Could not safely identify store assignment for repository candidate interface com.example.clients_management.repositories.AdminRepository; If you want this repository to be a JDBC repository, consider annotating your entities with one of these annotations: org.springframework.data.relational.core.mapping.Table.
2024-12-07T15:48:52.482+05:30  INFO 13996 --- [clients_management] [           main] .RepositoryConfigurationExtensionSupport : Spring Data JDBC - Could not safely identify store assignment for repository candidate interface com.example.clients_management.repositories.BookingsRepository; If you want this repository to be a JDBC repository, consider annotating your entities with one of these annotations: org.springframework.data.relational.core.mapping.Table.
2024-12-07T15:48:52.489+05:30  INFO 13996 --- [clients_management] [           main] .RepositoryConfigurationExtensionSupport : Spring Data JDBC - Could not safely identify store assignment for repository candidate interface com.example.clients_management.repositories.CartItemRepository; If you want this repository to be a JDBC repository, consider annotating your entities with one of these annotations: org.springframework.data.relational.core.mapping.Table.
2024-12-07T15:48:52.491+05:30  INFO 13996 --- [clients_management] [           main] .RepositoryConfigurationExtensionSupport : Spring Data JDBC - Could not safely identify store assignment for repository candidate interface com.example.clients_management.repositories.CategoryRepository; If you want this repository to be a JDBC repository, consider annotating your entities with one of these annotations: org.springframework.data.relational.core.mapping.Table.
2024-12-07T15:48:52.494+05:30  INFO 13996 --- [clients_management] [           main] .RepositoryConfigurationExtensionSupport : Spring Data JDBC - Could not safely identify store assignment for repository candidate interface com.example.clients_management.repositories.ClientRepository; If you want this repository to be a JDBC repository, consider annotating your entities with one of these annotations: org.springframework.data.relational.core.mapping.Table.
2024-12-07T15:48:52.497+05:30  INFO 13996 --- [clients_management] [           main] .RepositoryConfigurationExtensionSupport : Spring Data JDBC - Could not safely identify store assignment for repository candidate interface com.example.clients_management.repositories.ServiceProviderRepository; If you want this repository to be a JDBC repository, consider annotating your entities with one of these annotations: org.springframework.data.relational.core.mapping.Table.
2024-12-07T15:48:52.499+05:30  INFO 13996 --- [clients_management] [           main] .s.d.r.c.RepositoryConfigurationDelegate : Finished Spring Data repository scanning in 71 ms. Found 0 JDBC repository interfaces.
2024-12-07T15:48:52.526+05:30  INFO 13996 --- [clients_management] [           main] .s.d.r.c.RepositoryConfigurationDelegate : Multiple Spring Data modules found, entering strict repository configuration mode
2024-12-07T15:48:52.531+05:30  INFO 13996 --- [clients_management] [           main] .s.d.r.c.RepositoryConfigurationDelegate : Bootstrapping Spring Data JPA repositories in DEFAULT mode.
2024-12-07T15:48:52.609+05:30  INFO 13996 --- [clients_management] [           main] .s.d.r.c.RepositoryConfigurationDelegate : Finished Spring Data repository scanning in 70 ms. Found 6 JPA repository interfaces.
2024-12-07T15:48:54.094+05:30  INFO 13996 --- [clients_management] [           main] o.hibernate.jpa.internal.util.LogHelper  : HHH000204: Processing PersistenceUnitInfo [name: default]
2024-12-07T15:48:54.242+05:30  INFO 13996 --- [clients_management] [           main] org.hibernate.Version                    : HHH000412: Hibernate ORM core version 6.5.3.Final
2024-12-07T15:48:54.315+05:30  INFO 13996 --- [clients_management] [           main] o.h.c.internal.RegionFactoryInitiator    : HHH000026: Second-level cache disabled
2024-12-07T15:48:55.059+05:30  INFO 13996 --- [clients_management] [           main] o.s.o.j.p.SpringPersistenceUnitInfo      : No LoadTimeWeaver setup: ignoring JPA class transformer
2024-12-07T15:48:55.130+05:30  INFO 13996 --- [clients_management] [           main] com.zaxxer.hikari.HikariDataSource       : HikariPool-1 - Starting...
2024-12-07T15:48:55.851+05:30  INFO 13996 --- [clients_management] [           main] com.zaxxer.hikari.pool.HikariPool        : HikariPool-1 - Added connection com.mysql.cj.jdbc.ConnectionImpl@3c8758d1
2024-12-07T15:48:55.854+05:30  INFO 13996 --- [clients_management] [           main] com.zaxxer.hikari.HikariDataSource       : HikariPool-1 - Start completed.
2024-12-07T15:48:57.830+05:30  INFO 13996 --- [clients_management] [           main] o.h.e.t.j.p.i.JtaPlatformInitiator       : HHH000489: No JTA platform available (set 'hibernate.transaction.jta.platform' to enable JTA platform integration)
Hibernate: alter table client_details modify column password varchar(255) not null
2024-12-07T15:48:58.094+05:30  INFO 13996 --- [clients_management] [           main] j.LocalContainerEntityManagerFactoryBean : Initialized JPA EntityManagerFactory for persistence unit 'default'
Hibernate: select count(*) from category c1_0
2024-12-07T15:49:00.579+05:30  WARN 13996 --- [clients_management] [           main] JpaBaseConfiguration$JpaWebConfiguration : spring.jpa.open-in-view is enabled by default. Therefore, database queries may be performed during view rendering. Explicitly configure spring.jpa.open-in-view to disable this warning
2024-12-07T15:49:00.657+05:30  INFO 13996 --- [clients_management] [           main] o.s.b.a.w.s.WelcomePageHandlerMapping    : Adding welcome page template: index
2024-12-07T15:49:02.365+05:30  INFO 13996 --- [clients_management] [           main] o.s.b.a.e.web.EndpointLinksResolver      : Exposing 1 endpoint beneath base path '/actuator'
2024-12-07T15:49:02.517+05:30  INFO 13996 --- [clients_management] [           main] c.e.c.ClientsManagementApplicationTests  : Started ClientsManagementApplicationTests in 12.786 seconds (process running for 14.89)
]]></system-out>
    <system-err><![CDATA[WARNING: A Java agent has been loaded dynamically (C:\Users\harsh\.m2\repository\net\bytebuddy\byte-buddy-agent\1.14.19\byte-buddy-agent-1.14.19.jar)
WARNING: If a serviceability tool is in use, please run with -XX:+EnableDynamicAgentLoading to hide this warning
WARNING: If a serviceability tool is not in use, please run with -Djdk.instrument.traceUsage for more information
WARNING: Dynamic loading of agents will be disallowed by default in a future release
]]></system-err>
  </testcase>
</testsuite>